[INFO  - 2015-09-14T16:25:35.584Z] GhostDriver - Main - running on port 23519
[INFO  - 2015-09-14T16:25:36.160Z] Session [3aa13fa0-5afd-11e5-b1e1-0fb25d5d20c2] - page.settings - {"XSSAuditingEnabled":false,"javascriptCanCloseWindows":true,"javascriptCanOpenWindows":true,"javascriptEnabled":true,"loadImages":true,"localToRemoteUrlAccessEnabled":false,"userAgent":"Mozilla/5.0 (Windows NT 6.1; WOW64) AppleWebKit/534.34 (KHTML, like Gecko) PhantomJS/1.9.7 Safari/534.34","webSecurityEnabled":true}
[INFO  - 2015-09-14T16:25:36.160Z] Session [3aa13fa0-5afd-11e5-b1e1-0fb25d5d20c2] - page.customHeaders:  - {}
[INFO  - 2015-09-14T16:25:36.160Z] Session [3aa13fa0-5afd-11e5-b1e1-0fb25d5d20c2] - Session.negotiatedCapabilities - {"browserName":"phantomjs","version":"1.9.7","driverName":"ghostdriver","driverVersion":"1.1.0","platform":"windows-7-32bit","javascriptEnabled":true,"takesScreenshot":true,"handlesAlerts":false,"databaseEnabled":false,"locationContextEnabled":false,"applicationCacheEnabled":false,"browserConnectionEnabled":false,"cssSelectorsEnabled":true,"webStorageEnabled":false,"rotatable":false,"acceptSslCerts":false,"nativeEvents":true,"proxy":{"proxyType":"direct"}}
[INFO  - 2015-09-14T16:25:36.161Z] SessionManagerReqHand - _postNewSessionCommand - New Session Created: 3aa13fa0-5afd-11e5-b1e1-0fb25d5d20c2
[INFO  - 2015-09-14T16:25:38.950Z] ShutdownReqHand - _handle - About to shutdown
[INFO  - 2015-09-14T16:28:42.173Z] GhostDriver - Main - running on port 35644
[INFO  - 2015-09-14T16:28:42.780Z] Session [a9dd5a70-5afd-11e5-8960-39b526939513] - page.settings - {"XSSAuditingEnabled":false,"javascriptCanCloseWindows":true,"javascriptCanOpenWindows":true,"javascriptEnabled":true,"loadImages":true,"localToRemoteUrlAccessEnabled":false,"userAgent":"Mozilla/5.0 (Windows NT 6.1; WOW64) AppleWebKit/534.34 (KHTML, like Gecko) PhantomJS/1.9.7 Safari/534.34","webSecurityEnabled":true}
[INFO  - 2015-09-14T16:28:42.782Z] Session [a9dd5a70-5afd-11e5-8960-39b526939513] - page.customHeaders:  - {}
[INFO  - 2015-09-14T16:28:42.783Z] Session [a9dd5a70-5afd-11e5-8960-39b526939513] - Session.negotiatedCapabilities - {"browserName":"phantomjs","version":"1.9.7","driverName":"ghostdriver","driverVersion":"1.1.0","platform":"windows-7-32bit","javascriptEnabled":true,"takesScreenshot":true,"handlesAlerts":false,"databaseEnabled":false,"locationContextEnabled":false,"applicationCacheEnabled":false,"browserConnectionEnabled":false,"cssSelectorsEnabled":true,"webStorageEnabled":false,"rotatable":false,"acceptSslCerts":false,"nativeEvents":true,"proxy":{"proxyType":"direct"}}
[INFO  - 2015-09-14T16:28:42.783Z] SessionManagerReqHand - _postNewSessionCommand - New Session Created: a9dd5a70-5afd-11e5-8960-39b526939513
[INFO  - 2015-09-14T16:28:44.848Z] ShutdownReqHand - _handle - About to shutdown
[INFO  - 2015-09-14T16:36:56.966Z] GhostDriver - Main - running on port 39015
[INFO  - 2015-09-14T16:36:57.108Z] Session [d081f900-5afe-11e5-a108-33adcc22012e] - page.settings - {"XSSAuditingEnabled":false,"javascriptCanCloseWindows":true,"javascriptCanOpenWindows":true,"javascriptEnabled":true,"loadImages":true,"localToRemoteUrlAccessEnabled":false,"userAgent":"Mozilla/5.0 (Windows NT 6.1; WOW64) AppleWebKit/534.34 (KHTML, like Gecko) PhantomJS/1.9.7 Safari/534.34","webSecurityEnabled":true}
[INFO  - 2015-09-14T16:36:57.108Z] Session [d081f900-5afe-11e5-a108-33adcc22012e] - page.customHeaders:  - {}
[INFO  - 2015-09-14T16:36:57.108Z] Session [d081f900-5afe-11e5-a108-33adcc22012e] - Session.negotiatedCapabilities - {"browserName":"phantomjs","version":"1.9.7","driverName":"ghostdriver","driverVersion":"1.1.0","platform":"windows-7-32bit","javascriptEnabled":true,"takesScreenshot":true,"handlesAlerts":false,"databaseEnabled":false,"locationContextEnabled":false,"applicationCacheEnabled":false,"browserConnectionEnabled":false,"cssSelectorsEnabled":true,"webStorageEnabled":false,"rotatable":false,"acceptSslCerts":false,"nativeEvents":true,"proxy":{"proxyType":"direct"}}
[INFO  - 2015-09-14T16:36:57.108Z] SessionManagerReqHand - _postNewSessionCommand - New Session Created: d081f900-5afe-11e5-a108-33adcc22012e
[INFO  - 2015-09-14T16:36:59.560Z] ShutdownReqHand - _handle - About to shutdown
[INFO  - 2015-09-14T16:44:10.077Z] GhostDriver - Main - running on port 11919
[INFO  - 2015-09-14T16:44:10.726Z] Session [d2f6d420-5aff-11e5-a9b4-5b6b34abc4a1] - page.settings - {"XSSAuditingEnabled":false,"javascriptCanCloseWindows":true,"javascriptCanOpenWindows":true,"javascriptEnabled":true,"loadImages":true,"localToRemoteUrlAccessEnabled":false,"userAgent":"Mozilla/5.0 (Windows NT 6.1; WOW64) AppleWebKit/534.34 (KHTML, like Gecko) PhantomJS/1.9.7 Safari/534.34","webSecurityEnabled":true}
[INFO  - 2015-09-14T16:44:10.726Z] Session [d2f6d420-5aff-11e5-a9b4-5b6b34abc4a1] - page.customHeaders:  - {}
[INFO  - 2015-09-14T16:44:10.726Z] Session [d2f6d420-5aff-11e5-a9b4-5b6b34abc4a1] - Session.negotiatedCapabilities - {"browserName":"phantomjs","version":"1.9.7","driverName":"ghostdriver","driverVersion":"1.1.0","platform":"windows-7-32bit","javascriptEnabled":true,"takesScreenshot":true,"handlesAlerts":false,"databaseEnabled":false,"locationContextEnabled":false,"applicationCacheEnabled":false,"browserConnectionEnabled":false,"cssSelectorsEnabled":true,"webStorageEnabled":false,"rotatable":false,"acceptSslCerts":false,"nativeEvents":true,"proxy":{"proxyType":"direct"}}
[INFO  - 2015-09-14T16:44:10.726Z] SessionManagerReqHand - _postNewSessionCommand - New Session Created: d2f6d420-5aff-11e5-a9b4-5b6b34abc4a1
[INFO  - 2015-09-14T16:44:12.499Z] ShutdownReqHand - _handle - About to shutdown
[INFO  - 2015-09-14T16:54:29.982Z] GhostDriver - Main - running on port 10832
[INFO  - 2015-09-14T16:54:30.659Z] Session [4478a3c0-5b01-11e5-ae5f-3ff3eeac3722] - page.settings - {"XSSAuditingEnabled":false,"javascriptCanCloseWindows":true,"javascriptCanOpenWindows":true,"javascriptEnabled":true,"loadImages":true,"localToRemoteUrlAccessEnabled":false,"userAgent":"Mozilla/5.0 (Windows NT 6.1; WOW64) AppleWebKit/534.34 (KHTML, like Gecko) PhantomJS/1.9.7 Safari/534.34","webSecurityEnabled":true}
[INFO  - 2015-09-14T16:54:30.661Z] Session [4478a3c0-5b01-11e5-ae5f-3ff3eeac3722] - page.customHeaders:  - {}
[INFO  - 2015-09-14T16:54:30.662Z] Session [4478a3c0-5b01-11e5-ae5f-3ff3eeac3722] - Session.negotiatedCapabilities - {"browserName":"phantomjs","version":"1.9.7","driverName":"ghostdriver","driverVersion":"1.1.0","platform":"windows-7-32bit","javascriptEnabled":true,"takesScreenshot":true,"handlesAlerts":false,"databaseEnabled":false,"locationContextEnabled":false,"applicationCacheEnabled":false,"browserConnectionEnabled":false,"cssSelectorsEnabled":true,"webStorageEnabled":false,"rotatable":false,"acceptSslCerts":false,"nativeEvents":true,"proxy":{"proxyType":"direct"}}
[INFO  - 2015-09-14T16:54:30.662Z] SessionManagerReqHand - _postNewSessionCommand - New Session Created: 4478a3c0-5b01-11e5-ae5f-3ff3eeac3722
[INFO  - 2015-09-14T16:54:32.034Z] ShutdownReqHand - _handle - About to shutdown
[INFO  - 2015-09-14T17:04:22.374Z] GhostDriver - Main - running on port 7324
[INFO  - 2015-09-14T17:04:23.104Z] Session [a59907c0-5b02-11e5-8134-bd35f0acae5c] - page.settings - {"XSSAuditingEnabled":false,"javascriptCanCloseWindows":true,"javascriptCanOpenWindows":true,"javascriptEnabled":true,"loadImages":true,"localToRemoteUrlAccessEnabled":false,"userAgent":"Mozilla/5.0 (Windows NT 6.1; WOW64) AppleWebKit/534.34 (KHTML, like Gecko) PhantomJS/1.9.7 Safari/534.34","webSecurityEnabled":true}
[INFO  - 2015-09-14T17:04:23.104Z] Session [a59907c0-5b02-11e5-8134-bd35f0acae5c] - page.customHeaders:  - {}
[INFO  - 2015-09-14T17:04:23.105Z] Session [a59907c0-5b02-11e5-8134-bd35f0acae5c] - Session.negotiatedCapabilities - {"browserName":"phantomjs","version":"1.9.7","driverName":"ghostdriver","driverVersion":"1.1.0","platform":"windows-7-32bit","javascriptEnabled":true,"takesScreenshot":true,"handlesAlerts":false,"databaseEnabled":false,"locationContextEnabled":false,"applicationCacheEnabled":false,"browserConnectionEnabled":false,"cssSelectorsEnabled":true,"webStorageEnabled":false,"rotatable":false,"acceptSslCerts":false,"nativeEvents":true,"proxy":{"proxyType":"direct"}}
[INFO  - 2015-09-14T17:04:23.105Z] SessionManagerReqHand - _postNewSessionCommand - New Session Created: a59907c0-5b02-11e5-8134-bd35f0acae5c
[INFO  - 2015-09-14T17:04:24.812Z] ShutdownReqHand - _handle - About to shutdown
[INFO  - 2015-09-14T17:07:20.101Z] GhostDriver - Main - running on port 41207
[INFO  - 2015-09-14T17:07:20.830Z] Session [0f87dda0-5b03-11e5-a671-795c8bdbb0e2] - page.settings - {"XSSAuditingEnabled":false,"javascriptCanCloseWindows":true,"javascriptCanOpenWindows":true,"javascriptEnabled":true,"loadImages":true,"localToRemoteUrlAccessEnabled":false,"userAgent":"Mozilla/5.0 (Windows NT 6.1; WOW64) AppleWebKit/534.34 (KHTML, like Gecko) PhantomJS/1.9.7 Safari/534.34","webSecurityEnabled":true}
[INFO  - 2015-09-14T17:07:20.830Z] Session [0f87dda0-5b03-11e5-a671-795c8bdbb0e2] - page.customHeaders:  - {}
[INFO  - 2015-09-14T17:07:20.831Z] Session [0f87dda0-5b03-11e5-a671-795c8bdbb0e2] - Session.negotiatedCapabilities - {"browserName":"phantomjs","version":"1.9.7","driverName":"ghostdriver","driverVersion":"1.1.0","platform":"windows-7-32bit","javascriptEnabled":true,"takesScreenshot":true,"handlesAlerts":false,"databaseEnabled":false,"locationContextEnabled":false,"applicationCacheEnabled":false,"browserConnectionEnabled":false,"cssSelectorsEnabled":true,"webStorageEnabled":false,"rotatable":false,"acceptSslCerts":false,"nativeEvents":true,"proxy":{"proxyType":"direct"}}
[INFO  - 2015-09-14T17:07:20.831Z] SessionManagerReqHand - _postNewSessionCommand - New Session Created: 0f87dda0-5b03-11e5-a671-795c8bdbb0e2
[INFO  - 2015-09-14T17:07:22.140Z] ShutdownReqHand - _handle - About to shutdown
[INFO  - 2015-09-14T17:08:46.511Z] GhostDriver - Main - running on port 41988
[INFO  - 2015-09-14T17:08:47.211Z] Session [43046860-5b03-11e5-a254-df737dccc79d] - page.settings - {"XSSAuditingEnabled":false,"javascriptCanCloseWindows":true,"javascriptCanOpenWindows":true,"javascriptEnabled":true,"loadImages":true,"localToRemoteUrlAccessEnabled":false,"userAgent":"Mozilla/5.0 (Windows NT 6.1; WOW64) AppleWebKit/534.34 (KHTML, like Gecko) PhantomJS/1.9.7 Safari/534.34","webSecurityEnabled":true}
[INFO  - 2015-09-14T17:08:47.211Z] Session [43046860-5b03-11e5-a254-df737dccc79d] - page.customHeaders:  - {}
[INFO  - 2015-09-14T17:08:47.211Z] Session [43046860-5b03-11e5-a254-df737dccc79d] - Session.negotiatedCapabilities - {"browserName":"phantomjs","version":"1.9.7","driverName":"ghostdriver","driverVersion":"1.1.0","platform":"windows-7-32bit","javascriptEnabled":true,"takesScreenshot":true,"handlesAlerts":false,"databaseEnabled":false,"locationContextEnabled":false,"applicationCacheEnabled":false,"browserConnectionEnabled":false,"cssSelectorsEnabled":true,"webStorageEnabled":false,"rotatable":false,"acceptSslCerts":false,"nativeEvents":true,"proxy":{"proxyType":"direct"}}
[INFO  - 2015-09-14T17:08:47.211Z] SessionManagerReqHand - _postNewSessionCommand - New Session Created: 43046860-5b03-11e5-a254-df737dccc79d
[INFO  - 2015-09-14T17:08:48.848Z] ShutdownReqHand - _handle - About to shutdown
[INFO  - 2015-09-16T14:40:31.265Z] GhostDriver - Main - running on port 32195
[INFO  - 2015-09-16T14:40:31.924Z] Session [e1d6ace0-5c80-11e5-ad13-11a1979e53a1] - page.settings - {"XSSAuditingEnabled":false,"javascriptCanCloseWindows":true,"javascriptCanOpenWindows":true,"javascriptEnabled":true,"loadImages":true,"localToRemoteUrlAccessEnabled":false,"userAgent":"Mozilla/5.0 (Windows NT 6.1; WOW64) AppleWebKit/534.34 (KHTML, like Gecko) PhantomJS/1.9.7 Safari/534.34","webSecurityEnabled":true}
[INFO  - 2015-09-16T14:40:31.924Z] Session [e1d6ace0-5c80-11e5-ad13-11a1979e53a1] - page.customHeaders:  - {}
[INFO  - 2015-09-16T14:40:31.925Z] Session [e1d6ace0-5c80-11e5-ad13-11a1979e53a1] - Session.negotiatedCapabilities - {"browserName":"phantomjs","version":"1.9.7","driverName":"ghostdriver","driverVersion":"1.1.0","platform":"windows-7-32bit","javascriptEnabled":true,"takesScreenshot":true,"handlesAlerts":false,"databaseEnabled":false,"locationContextEnabled":false,"applicationCacheEnabled":false,"browserConnectionEnabled":false,"cssSelectorsEnabled":true,"webStorageEnabled":false,"rotatable":false,"acceptSslCerts":false,"nativeEvents":true,"proxy":{"proxyType":"direct"}}
[INFO  - 2015-09-16T14:40:31.925Z] SessionManagerReqHand - _postNewSessionCommand - New Session Created: e1d6ace0-5c80-11e5-ad13-11a1979e53a1
[INFO  - 2015-09-16T14:40:34.104Z] ShutdownReqHand - _handle - About to shutdown
[INFO  - 2015-09-16T14:41:53.885Z] GhostDriver - Main - running on port 8517
[INFO  - 2015-09-16T14:41:54.557Z] Session [1317c690-5c81-11e5-8066-cb064601c822] - page.settings - {"XSSAuditingEnabled":false,"javascriptCanCloseWindows":true,"javascriptCanOpenWindows":true,"javascriptEnabled":true,"loadImages":true,"localToRemoteUrlAccessEnabled":false,"userAgent":"Mozilla/5.0 (Windows NT 6.1; WOW64) AppleWebKit/534.34 (KHTML, like Gecko) PhantomJS/1.9.7 Safari/534.34","webSecurityEnabled":true}
[INFO  - 2015-09-16T14:41:54.558Z] Session [1317c690-5c81-11e5-8066-cb064601c822] - page.customHeaders:  - {}
[INFO  - 2015-09-16T14:41:54.558Z] Session [1317c690-5c81-11e5-8066-cb064601c822] - Session.negotiatedCapabilities - {"browserName":"phantomjs","version":"1.9.7","driverName":"ghostdriver","driverVersion":"1.1.0","platform":"windows-7-32bit","javascriptEnabled":true,"takesScreenshot":true,"handlesAlerts":false,"databaseEnabled":false,"locationContextEnabled":false,"applicationCacheEnabled":false,"browserConnectionEnabled":false,"cssSelectorsEnabled":true,"webStorageEnabled":false,"rotatable":false,"acceptSslCerts":false,"nativeEvents":true,"proxy":{"proxyType":"direct"}}
[INFO  - 2015-09-16T14:41:54.558Z] SessionManagerReqHand - _postNewSessionCommand - New Session Created: 1317c690-5c81-11e5-8066-cb064601c822
[INFO  - 2015-09-16T14:41:55.976Z] ShutdownReqHand - _handle - About to shutdown
[INFO  - 2015-09-16T14:46:58.416Z] GhostDriver - Main - running on port 46541
[INFO  - 2015-09-16T14:46:59.085Z] Session [c89b0f90-5c81-11e5-a30c-e9a47395dc56] - page.settings - {"XSSAuditingEnabled":false,"javascriptCanCloseWindows":true,"javascriptCanOpenWindows":true,"javascriptEnabled":true,"loadImages":true,"localToRemoteUrlAccessEnabled":false,"userAgent":"Mozilla/5.0 (Windows NT 6.1; WOW64) AppleWebKit/534.34 (KHTML, like Gecko) PhantomJS/1.9.7 Safari/534.34","webSecurityEnabled":true}
[INFO  - 2015-09-16T14:46:59.085Z] Session [c89b0f90-5c81-11e5-a30c-e9a47395dc56] - page.customHeaders:  - {}
[INFO  - 2015-09-16T14:46:59.085Z] Session [c89b0f90-5c81-11e5-a30c-e9a47395dc56] - Session.negotiatedCapabilities - {"browserName":"phantomjs","version":"1.9.7","driverName":"ghostdriver","driverVersion":"1.1.0","platform":"windows-7-32bit","javascriptEnabled":true,"takesScreenshot":true,"handlesAlerts":false,"databaseEnabled":false,"locationContextEnabled":false,"applicationCacheEnabled":false,"browserConnectionEnabled":false,"cssSelectorsEnabled":true,"webStorageEnabled":false,"rotatable":false,"acceptSslCerts":false,"nativeEvents":true,"proxy":{"proxyType":"direct"}}
[INFO  - 2015-09-16T14:46:59.085Z] SessionManagerReqHand - _postNewSessionCommand - New Session Created: c89b0f90-5c81-11e5-a30c-e9a47395dc56
[INFO  - 2015-09-16T14:47:00.418Z] ShutdownReqHand - _handle - About to shutdown
[INFO  - 2015-10-14T05:16:28.773Z] GhostDriver - Main - running on port 35001
[INFO  - 2015-10-14T05:16:56.185Z] GhostDriver - Main - running on port 38693
[INFO  - 2015-10-14T05:16:56.930Z] Session [ca1911c0-7232-11e5-818e-ed7845074b21] - page.settings - {"XSSAuditingEnabled":false,"javascriptCanCloseWindows":true,"javascriptCanOpenWindows":true,"javascriptEnabled":true,"loadImages":true,"localToRemoteUrlAccessEnabled":false,"userAgent":"Mozilla/5.0 (Windows NT 6.1; WOW64) AppleWebKit/534.34 (KHTML, like Gecko) PhantomJS/1.9.7 Safari/534.34","webSecurityEnabled":true}
[INFO  - 2015-10-14T05:16:56.930Z] Session [ca1911c0-7232-11e5-818e-ed7845074b21] - page.customHeaders:  - {}
[INFO  - 2015-10-14T05:16:56.930Z] Session [ca1911c0-7232-11e5-818e-ed7845074b21] - Session.negotiatedCapabilities - {"browserName":"phantomjs","version":"1.9.7","driverName":"ghostdriver","driverVersion":"1.1.0","platform":"windows-7-32bit","javascriptEnabled":true,"takesScreenshot":true,"handlesAlerts":false,"databaseEnabled":false,"locationContextEnabled":false,"applicationCacheEnabled":false,"browserConnectionEnabled":false,"cssSelectorsEnabled":true,"webStorageEnabled":false,"rotatable":false,"acceptSslCerts":false,"nativeEvents":true,"proxy":{"proxyType":"direct"}}
[INFO  - 2015-10-14T05:16:56.930Z] SessionManagerReqHand - _postNewSessionCommand - New Session Created: ca1911c0-7232-11e5-818e-ed7845074b21
[ERROR - 2015-10-14T05:16:57.758Z] WebElementLocator - _handleLocateCommand - Element(s) NOT Found: GAVE UP. Search Stop Time: 1444799817722
[INFO  - 2015-10-14T05:16:58.424Z] ShutdownReqHand - _handle - About to shutdown
[INFO  - 2015-10-14T05:33:29.461Z] GhostDriver - Main - running on port 35766
[INFO  - 2015-10-14T05:33:29.962Z] Session [19fde150-7235-11e5-ad39-41782d3b6281] - page.settings - {"XSSAuditingEnabled":false,"javascriptCanCloseWindows":true,"javascriptCanOpenWindows":true,"javascriptEnabled":true,"loadImages":true,"localToRemoteUrlAccessEnabled":false,"userAgent":"Mozilla/5.0 (Windows NT 6.1; WOW64) AppleWebKit/534.34 (KHTML, like Gecko) PhantomJS/1.9.7 Safari/534.34","webSecurityEnabled":true}
[INFO  - 2015-10-14T05:33:29.963Z] Session [19fde150-7235-11e5-ad39-41782d3b6281] - page.customHeaders:  - {}
[INFO  - 2015-10-14T05:33:29.963Z] Session [19fde150-7235-11e5-ad39-41782d3b6281] - Session.negotiatedCapabilities - {"browserName":"phantomjs","version":"1.9.7","driverName":"ghostdriver","driverVersion":"1.1.0","platform":"windows-7-32bit","javascriptEnabled":true,"takesScreenshot":true,"handlesAlerts":false,"databaseEnabled":false,"locationContextEnabled":false,"applicationCacheEnabled":false,"browserConnectionEnabled":false,"cssSelectorsEnabled":true,"webStorageEnabled":false,"rotatable":false,"acceptSslCerts":false,"nativeEvents":true,"proxy":{"proxyType":"direct"}}
[INFO  - 2015-10-14T05:33:29.966Z] SessionManagerReqHand - _postNewSessionCommand - New Session Created: 19fde150-7235-11e5-ad39-41782d3b6281
[INFO  - 2015-10-14T05:33:38.363Z] ShutdownReqHand - _handle - About to shutdown
[INFO  - 2015-10-14T05:35:58.298Z] GhostDriver - Main - running on port 31625
[INFO  - 2015-10-14T05:35:58.991Z] Session [72d1bf90-7235-11e5-8650-e1f28d84a65d] - page.settings - {"XSSAuditingEnabled":false,"javascriptCanCloseWindows":true,"javascriptCanOpenWindows":true,"javascriptEnabled":true,"loadImages":true,"localToRemoteUrlAccessEnabled":false,"userAgent":"Mozilla/5.0 (Windows NT 6.1; WOW64) AppleWebKit/534.34 (KHTML, like Gecko) PhantomJS/1.9.7 Safari/534.34","webSecurityEnabled":true}
[INFO  - 2015-10-14T05:35:58.992Z] Session [72d1bf90-7235-11e5-8650-e1f28d84a65d] - page.customHeaders:  - {}
[INFO  - 2015-10-14T05:35:58.992Z] Session [72d1bf90-7235-11e5-8650-e1f28d84a65d] - Session.negotiatedCapabilities - {"browserName":"phantomjs","version":"1.9.7","driverName":"ghostdriver","driverVersion":"1.1.0","platform":"windows-7-32bit","javascriptEnabled":true,"takesScreenshot":true,"handlesAlerts":false,"databaseEnabled":false,"locationContextEnabled":false,"applicationCacheEnabled":false,"browserConnectionEnabled":false,"cssSelectorsEnabled":true,"webStorageEnabled":false,"rotatable":false,"acceptSslCerts":false,"nativeEvents":true,"proxy":{"proxyType":"direct"}}
[INFO  - 2015-10-14T05:35:58.993Z] SessionManagerReqHand - _postNewSessionCommand - New Session Created: 72d1bf90-7235-11e5-8650-e1f28d84a65d
[INFO  - 2015-10-14T05:36:02.433Z] ShutdownReqHand - _handle - About to shutdown
[INFO  - 2015-10-14T05:37:37.996Z] GhostDriver - Main - running on port 47374
[INFO  - 2015-10-14T05:37:38.537Z] Session [ae276a40-7235-11e5-853d-01e4dffa4482] - page.settings - {"XSSAuditingEnabled":false,"javascriptCanCloseWindows":true,"javascriptCanOpenWindows":true,"javascriptEnabled":true,"loadImages":true,"localToRemoteUrlAccessEnabled":false,"userAgent":"Mozilla/5.0 (Windows NT 6.1; WOW64) AppleWebKit/534.34 (KHTML, like Gecko) PhantomJS/1.9.7 Safari/534.34","webSecurityEnabled":true}
[INFO  - 2015-10-14T05:37:38.541Z] Session [ae276a40-7235-11e5-853d-01e4dffa4482] - page.customHeaders:  - {}
[INFO  - 2015-10-14T05:37:38.541Z] Session [ae276a40-7235-11e5-853d-01e4dffa4482] - Session.negotiatedCapabilities - {"browserName":"phantomjs","version":"1.9.7","driverName":"ghostdriver","driverVersion":"1.1.0","platform":"windows-7-32bit","javascriptEnabled":true,"takesScreenshot":true,"handlesAlerts":false,"databaseEnabled":false,"locationContextEnabled":false,"applicationCacheEnabled":false,"browserConnectionEnabled":false,"cssSelectorsEnabled":true,"webStorageEnabled":false,"rotatable":false,"acceptSslCerts":false,"nativeEvents":true,"proxy":{"proxyType":"direct"}}
[INFO  - 2015-10-14T05:37:38.541Z] SessionManagerReqHand - _postNewSessionCommand - New Session Created: ae276a40-7235-11e5-853d-01e4dffa4482
[INFO  - 2015-10-14T05:37:44.690Z] ShutdownReqHand - _handle - About to shutdown
[INFO  - 2015-10-14T05:51:58.680Z] GhostDriver - Main - running on port 26948
[INFO  - 2015-10-14T05:51:59.379Z] Session [af4153d0-7237-11e5-abc5-4dcc773a0af8] - page.settings - {"XSSAuditingEnabled":false,"javascriptCanCloseWindows":true,"javascriptCanOpenWindows":true,"javascriptEnabled":true,"loadImages":true,"localToRemoteUrlAccessEnabled":false,"userAgent":"Mozilla/5.0 (Windows NT 6.1; WOW64) AppleWebKit/534.34 (KHTML, like Gecko) PhantomJS/1.9.7 Safari/534.34","webSecurityEnabled":true}
[INFO  - 2015-10-14T05:51:59.379Z] Session [af4153d0-7237-11e5-abc5-4dcc773a0af8] - page.customHeaders:  - {}
[INFO  - 2015-10-14T05:51:59.379Z] Session [af4153d0-7237-11e5-abc5-4dcc773a0af8] - Session.negotiatedCapabilities - {"browserName":"phantomjs","version":"1.9.7","driverName":"ghostdriver","driverVersion":"1.1.0","platform":"windows-7-32bit","javascriptEnabled":true,"takesScreenshot":true,"handlesAlerts":false,"databaseEnabled":false,"locationContextEnabled":false,"applicationCacheEnabled":false,"browserConnectionEnabled":false,"cssSelectorsEnabled":true,"webStorageEnabled":false,"rotatable":false,"acceptSslCerts":false,"nativeEvents":true,"proxy":{"proxyType":"direct"}}
[INFO  - 2015-10-14T05:51:59.379Z] SessionManagerReqHand - _postNewSessionCommand - New Session Created: af4153d0-7237-11e5-abc5-4dcc773a0af8
[INFO  - 2015-10-14T05:52:01.909Z] ShutdownReqHand - _handle - About to shutdown
[INFO  - 2015-10-14T05:53:11.167Z] GhostDriver - Main - running on port 33915
[INFO  - 2015-10-14T05:53:12.938Z] Session [db18ee00-7237-11e5-b113-2d77ddccdff0] - page.settings - {"XSSAuditingEnabled":false,"javascriptCanCloseWindows":true,"javascriptCanOpenWindows":true,"javascriptEnabled":true,"loadImages":true,"localToRemoteUrlAccessEnabled":false,"userAgent":"Mozilla/5.0 (Windows NT 6.1; WOW64) AppleWebKit/534.34 (KHTML, like Gecko) PhantomJS/1.9.7 Safari/534.34","webSecurityEnabled":true}
[INFO  - 2015-10-14T05:53:12.938Z] Session [db18ee00-7237-11e5-b113-2d77ddccdff0] - page.customHeaders:  - {}
[INFO  - 2015-10-14T05:53:12.938Z] Session [db18ee00-7237-11e5-b113-2d77ddccdff0] - Session.negotiatedCapabilities - {"browserName":"phantomjs","version":"1.9.7","driverName":"ghostdriver","driverVersion":"1.1.0","platform":"windows-7-32bit","javascriptEnabled":true,"takesScreenshot":true,"handlesAlerts":false,"databaseEnabled":false,"locationContextEnabled":false,"applicationCacheEnabled":false,"browserConnectionEnabled":false,"cssSelectorsEnabled":true,"webStorageEnabled":false,"rotatable":false,"acceptSslCerts":false,"nativeEvents":true,"proxy":{"proxyType":"direct"}}
[INFO  - 2015-10-14T05:53:12.938Z] SessionManagerReqHand - _postNewSessionCommand - New Session Created: db18ee00-7237-11e5-b113-2d77ddccdff0
[INFO  - 2015-10-14T05:53:17.645Z] ShutdownReqHand - _handle - About to shutdown
[INFO  - 2015-10-14T05:53:55.488Z] GhostDriver - Main - running on port 48728
[INFO  - 2015-10-14T05:53:56.209Z] Session [f4e479d0-7237-11e5-8d4e-a181aa2c88d1] - page.settings - {"XSSAuditingEnabled":false,"javascriptCanCloseWindows":true,"javascriptCanOpenWindows":true,"javascriptEnabled":true,"loadImages":true,"localToRemoteUrlAccessEnabled":false,"userAgent":"Mozilla/5.0 (Windows NT 6.1; WOW64) AppleWebKit/534.34 (KHTML, like Gecko) PhantomJS/1.9.7 Safari/534.34","webSecurityEnabled":true}
[INFO  - 2015-10-14T05:53:56.209Z] Session [f4e479d0-7237-11e5-8d4e-a181aa2c88d1] - page.customHeaders:  - {}
[INFO  - 2015-10-14T05:53:56.209Z] Session [f4e479d0-7237-11e5-8d4e-a181aa2c88d1] - Session.negotiatedCapabilities - {"browserName":"phantomjs","version":"1.9.7","driverName":"ghostdriver","driverVersion":"1.1.0","platform":"windows-7-32bit","javascriptEnabled":true,"takesScreenshot":true,"handlesAlerts":false,"databaseEnabled":false,"locationContextEnabled":false,"applicationCacheEnabled":false,"browserConnectionEnabled":false,"cssSelectorsEnabled":true,"webStorageEnabled":false,"rotatable":false,"acceptSslCerts":false,"nativeEvents":true,"proxy":{"proxyType":"direct"}}
[INFO  - 2015-10-14T05:53:56.209Z] SessionManagerReqHand - _postNewSessionCommand - New Session Created: f4e479d0-7237-11e5-8d4e-a181aa2c88d1
[INFO  - 2015-10-14T05:53:58.790Z] ShutdownReqHand - _handle - About to shutdown
[INFO  - 2015-10-14T07:07:04.416Z] GhostDriver - Main - running on port 2037
[INFO  - 2015-10-14T07:07:04.931Z] Session [2cc64ef0-7242-11e5-b908-85843a312bfe] - page.settings - {"XSSAuditingEnabled":false,"javascriptCanCloseWindows":true,"javascriptCanOpenWindows":true,"javascriptEnabled":true,"loadImages":true,"localToRemoteUrlAccessEnabled":false,"userAgent":"Mozilla/5.0 (Windows NT 6.1; WOW64) AppleWebKit/534.34 (KHTML, like Gecko) PhantomJS/1.9.7 Safari/534.34","webSecurityEnabled":true}
[INFO  - 2015-10-14T07:07:04.931Z] Session [2cc64ef0-7242-11e5-b908-85843a312bfe] - page.customHeaders:  - {}
[INFO  - 2015-10-14T07:07:04.931Z] Session [2cc64ef0-7242-11e5-b908-85843a312bfe] - Session.negotiatedCapabilities - {"browserName":"phantomjs","version":"1.9.7","driverName":"ghostdriver","driverVersion":"1.1.0","platform":"windows-7-32bit","javascriptEnabled":true,"takesScreenshot":true,"handlesAlerts":false,"databaseEnabled":false,"locationContextEnabled":false,"applicationCacheEnabled":false,"browserConnectionEnabled":false,"cssSelectorsEnabled":true,"webStorageEnabled":false,"rotatable":false,"acceptSslCerts":false,"nativeEvents":true,"proxy":{"proxyType":"direct"}}
[INFO  - 2015-10-14T07:07:04.931Z] SessionManagerReqHand - _postNewSessionCommand - New Session Created: 2cc64ef0-7242-11e5-b908-85843a312bfe
[INFO  - 2015-10-14T07:07:12.488Z] ShutdownReqHand - _handle - About to shutdown
[INFO  - 2015-10-14T07:08:48.396Z] GhostDriver - Main - running on port 30121
[INFO  - 2015-10-14T07:08:49.055Z] Session [6ad637a0-7242-11e5-bdf3-a97702e065d9] - page.settings - {"XSSAuditingEnabled":false,"javascriptCanCloseWindows":true,"javascriptCanOpenWindows":true,"javascriptEnabled":true,"loadImages":true,"localToRemoteUrlAccessEnabled":false,"userAgent":"Mozilla/5.0 (Windows NT 6.1; WOW64) AppleWebKit/534.34 (KHTML, like Gecko) PhantomJS/1.9.7 Safari/534.34","webSecurityEnabled":true}
[INFO  - 2015-10-14T07:08:49.055Z] Session [6ad637a0-7242-11e5-bdf3-a97702e065d9] - page.customHeaders:  - {}
[INFO  - 2015-10-14T07:08:49.055Z] Session [6ad637a0-7242-11e5-bdf3-a97702e065d9] - Session.negotiatedCapabilities - {"browserName":"phantomjs","version":"1.9.7","driverName":"ghostdriver","driverVersion":"1.1.0","platform":"windows-7-32bit","javascriptEnabled":true,"takesScreenshot":true,"handlesAlerts":false,"databaseEnabled":false,"locationContextEnabled":false,"applicationCacheEnabled":false,"browserConnectionEnabled":false,"cssSelectorsEnabled":true,"webStorageEnabled":false,"rotatable":false,"acceptSslCerts":false,"nativeEvents":true,"proxy":{"proxyType":"direct"}}
[INFO  - 2015-10-14T07:08:49.055Z] SessionManagerReqHand - _postNewSessionCommand - New Session Created: 6ad637a0-7242-11e5-bdf3-a97702e065d9
[INFO  - 2015-10-14T07:08:52.425Z] ShutdownReqHand - _handle - About to shutdown
[INFO  - 2015-10-14T07:09:22.603Z] GhostDriver - Main - running on port 16644
[INFO  - 2015-10-14T07:09:23.206Z] Session [7f313f10-7242-11e5-92fd-d5f26ecb218f] - page.settings - {"XSSAuditingEnabled":false,"javascriptCanCloseWindows":true,"javascriptCanOpenWindows":true,"javascriptEnabled":true,"loadImages":true,"localToRemoteUrlAccessEnabled":false,"userAgent":"Mozilla/5.0 (Windows NT 6.1; WOW64) AppleWebKit/534.34 (KHTML, like Gecko) PhantomJS/1.9.7 Safari/534.34","webSecurityEnabled":true}
[INFO  - 2015-10-14T07:09:23.206Z] Session [7f313f10-7242-11e5-92fd-d5f26ecb218f] - page.customHeaders:  - {}
[INFO  - 2015-10-14T07:09:23.207Z] Session [7f313f10-7242-11e5-92fd-d5f26ecb218f] - Session.negotiatedCapabilities - {"browserName":"phantomjs","version":"1.9.7","driverName":"ghostdriver","driverVersion":"1.1.0","platform":"windows-7-32bit","javascriptEnabled":true,"takesScreenshot":true,"handlesAlerts":false,"databaseEnabled":false,"locationContextEnabled":false,"applicationCacheEnabled":false,"browserConnectionEnabled":false,"cssSelectorsEnabled":true,"webStorageEnabled":false,"rotatable":false,"acceptSslCerts":false,"nativeEvents":true,"proxy":{"proxyType":"direct"}}
[INFO  - 2015-10-14T07:09:23.207Z] SessionManagerReqHand - _postNewSessionCommand - New Session Created: 7f313f10-7242-11e5-92fd-d5f26ecb218f
[INFO  - 2015-10-14T07:09:26.155Z] ShutdownReqHand - _handle - About to shutdown
[INFO  - 2015-10-14T07:11:19.718Z] GhostDriver - Main - running on port 40408
[INFO  - 2015-10-14T07:11:20.370Z] Session [c50734e0-7242-11e5-834f-21a19ab2e9eb] - page.settings - {"XSSAuditingEnabled":false,"javascriptCanCloseWindows":true,"javascriptCanOpenWindows":true,"javascriptEnabled":true,"loadImages":true,"localToRemoteUrlAccessEnabled":false,"userAgent":"Mozilla/5.0 (Windows NT 6.1; WOW64) AppleWebKit/534.34 (KHTML, like Gecko) PhantomJS/1.9.7 Safari/534.34","webSecurityEnabled":true}
[INFO  - 2015-10-14T07:11:20.370Z] Session [c50734e0-7242-11e5-834f-21a19ab2e9eb] - page.customHeaders:  - {}
[INFO  - 2015-10-14T07:11:20.370Z] Session [c50734e0-7242-11e5-834f-21a19ab2e9eb] - Session.negotiatedCapabilities - {"browserName":"phantomjs","version":"1.9.7","driverName":"ghostdriver","driverVersion":"1.1.0","platform":"windows-7-32bit","javascriptEnabled":true,"takesScreenshot":true,"handlesAlerts":false,"databaseEnabled":false,"locationContextEnabled":false,"applicationCacheEnabled":false,"browserConnectionEnabled":false,"cssSelectorsEnabled":true,"webStorageEnabled":false,"rotatable":false,"acceptSslCerts":false,"nativeEvents":true,"proxy":{"proxyType":"direct"}}
[INFO  - 2015-10-14T07:11:20.371Z] SessionManagerReqHand - _postNewSessionCommand - New Session Created: c50734e0-7242-11e5-834f-21a19ab2e9eb
[INFO  - 2015-10-14T07:11:21.880Z] ShutdownReqHand - _handle - About to shutdown
